{"ts": "2026-06-29T09:17:53.225191+00:00", "tag": "gateway.start", "pid": 41668, "python": "3.12.11", "platform": "linux", "replace": false, "argv": ["/home/runner/hermes-agent/hermes_cli/main.py", "gateway", "restart"], "stdin_is_tty": false, "absorb_windows_console_controls": false}
{"ts": "2026-06-29T17:52:19.573087+00:00", "tag": "gateway.start", "pid": 27709, "python": "3.12.11", "platform": "linux", "replace": false, "argv": ["/home/runner/hermes-agent/hermes_cli/main.py", "gateway", "restart"], "stdin_is_tty": false, "absorb_windows_console_controls": false}
{"ts": "2026-06-29T19:33:00.087186+00:00", "tag": "asyncio.run.returned", "pid": 27709, "python": "3.12.11", "platform": "linux", "success": true}
{"ts": "2026-06-29T19:33:00.087440+00:00", "tag": "gateway.exit_clean", "pid": 27709, "python": "3.12.11", "platform": "linux"}
{"ts": "2026-06-29T19:33:00.088650+00:00", "tag": "atexit.hook", "pid": 27709, "python": "3.12.11", "platform": "linux", "sys_exc": "(None, None, None)"}
{"ts": "2026-06-29T19:33:02.837675+00:00", "tag": "gateway.start", "pid": 47510, "python": "3.12.11", "platform": "linux", "replace": false, "argv": ["/home/runner/hermes-agent/hermes_cli/main.py", "gateway", "restart"], "stdin_is_tty": false, "absorb_windows_console_controls": false}
{"ts": "2026-06-29T19:33:15.456200+00:00", "tag": "asyncio.run.returned", "pid": 47510, "python": "3.12.11", "platform": "linux", "success": true}
{"ts": "2026-06-29T19:33:15.456422+00:00", "tag": "gateway.exit_clean", "pid": 47510, "python": "3.12.11", "platform": "linux"}
{"ts": "2026-06-29T19:33:15.457400+00:00", "tag": "atexit.hook", "pid": 47510, "python": "3.12.11", "platform": "linux", "sys_exc": "(None, None, None)"}
{"ts": "2026-06-29T19:33:16.349227+00:00", "tag": "gateway.start", "pid": 47605, "python": "3.12.11", "platform": "linux", "replace": false, "argv": ["/home/runner/hermes-agent/hermes_cli/main.py", "gateway", "restart"], "stdin_is_tty": false, "absorb_windows_console_controls": false}
{"ts": "2026-06-30T07:09:55.325985+00:00", "tag": "gateway.start", "pid": 20961, "python": "3.12.11", "platform": "linux", "replace": false, "argv": ["/home/runner/hermes-agent/hermes_cli/main.py", "gateway", "restart"], "stdin_is_tty": false, "absorb_windows_console_controls": false}
{"ts": "2026-06-30T19:51:14.640850+00:00", "tag": "gateway.start", "pid": 36585, "python": "3.12.11", "platform": "linux", "replace": false, "argv": ["/home/runner/hermes-agent/hermes_cli/main.py", "gateway", "restart"], "stdin_is_tty": false, "absorb_windows_console_controls": false}
{"ts": "2026-07-01T08:09:36.366506+00:00", "tag": "gateway.start", "pid": 8819, "python": "3.12.11", "platform": "linux", "replace": false, "argv": ["/home/runner/hermes-agent/hermes_cli/main.py", "gateway", "restart"], "stdin_is_tty": false, "absorb_windows_console_controls": false}
{"ts": "2026-07-01T15:18:20.592501+00:00", "tag": "gateway.start", "pid": 27633, "python": "3.12.11", "platform": "linux", "replace": false, "argv": ["/home/runner/hermes-agent/hermes_cli/main.py", "gateway", "run"], "stdin_is_tty": true, "absorb_windows_console_controls": false}
{"ts": "2026-07-01T15:24:29.549613+00:00", "tag": "asyncio.run.returned", "pid": 27633, "python": "3.12.11", "platform": "linux", "success": true}
{"ts": "2026-07-01T15:24:29.550807+00:00", "tag": "gateway.exit_clean", "pid": 27633, "python": "3.12.11", "platform": "linux"}
{"ts": "2026-07-01T15:24:29.554091+00:00", "tag": "atexit.hook", "pid": 27633, "python": "3.12.11", "platform": "linux", "sys_exc": "(None, None, None)"}
{"ts": "2026-07-01T15:24:41.216447+00:00", "tag": "gateway.start", "pid": 28498, "python": "3.12.11", "platform": "linux", "replace": false, "argv": ["/home/runner/hermes-agent/hermes_cli/main.py", "gateway", "run"], "stdin_is_tty": true, "absorb_windows_console_controls": false}
{"ts": "2026-07-01T15:58:10.664265+00:00", "tag": "gateway.start", "pid": 5411, "python": "3.12.11", "platform": "linux", "replace": false, "argv": ["/home/runner/hermes-agent/hermes_cli/main.py", "gateway", "run"], "stdin_is_tty": false, "absorb_windows_console_controls": false}
{"ts": "2026-07-01T16:03:04.643797+00:00", "tag": "gateway.start", "pid": 8413, "python": "3.12.11", "platform": "linux", "replace": false, "argv": ["/home/runner/hermes-agent/hermes_cli/main.py", "gateway", "run"], "stdin_is_tty": false, "absorb_windows_console_controls": false}
